2020-02-17 00:06:00.233  INFO 9552 --- [XNIO-1 task-22] l.server.io.HandshakeInterceptorImpl     : Incoming connection from /127.0.0.1:54197
2020-02-17 00:06:00.355  INFO 9552 --- [XNIO-1 task-22] c.s.d.l.tools.GarbageCollectionMonitor   : GC monitoring enabled, reporting results every 2 minutes.
2020-02-17 00:06:00.361  INFO 9552 --- [XNIO-1 task-22] lavalink.server.io.SocketServer          : Connection successfully established from /127.0.0.1:54197
2020-02-17 00:06:05.970  INFO 9552 --- [XNIO-1 task-23] l.server.player.AudioLoaderRestHandler   : GET /loadtracks
2020-02-17 00:06:06.581  INFO 9552 --- [lava-daemon-pool-info-loader-2-thread-1] lavalink.server.player.AudioLoader       : Loaded playlist Search results for: something
2020-02-17 00:06:06.604  INFO 9552 --- [XNIO-1 I/O-1] lavalink.server.io.SocketServer          : {"track":"QAAAfAIAF1RoZSBCZWF0bGVzIC0gU29tZXRoaW5nAAtUaGUgQmVhdGxlcwAAAAAAAt5gAAtVZWxEcloxYUZlWQABACtodHRwczovL3d3dy55b3V0dWJlLmNvbS93YXRjaD92PVVlbERyWjFhRmVZAAd5b3V0dWJlAAAAAAAAAAA=","startTime":0,"endTime":0,"noReplace":false,"guildId":"388355964195307530","op":"play"}
2020-02-17 00:06:07.049  INFO 9552 --- [XNIO-1 I/O-1] lavalink.server.io.SocketServer          : {"sessionId":"1b5fae9f8db586293734a2d7238b1e85","event":{"token":"f6bb65f7e05d7b71","guildid":"388355964195307530","endpoint":"singapore466.discord.media:80"},"guildId":"388355964195307530","op":"voiceUpdate"}
2020-02-17 00:06:08.129  INFO 9552 --- [XNIO-1 task-25] l.server.player.AudioLoaderRestHandler   : GET /loadtracks
2020-02-17 00:06:08.541  INFO 9552 --- [lava-daemon-pool-info-loader-2-thread-1] lavalink.server.player.AudioLoader       : Loaded playlist Search results for: goblok
2020-02-17 00:06:10.532  INFO 9552 --- [XNIO-1 task-27] l.server.player.AudioLoaderRestHandler   : GET /loadtracks
2020-02-17 00:06:10.922  INFO 9552 --- [lava-daemon-pool-info-loader-2-thread-1] lavalink.server.player.AudioLoader       : Loaded playlist Search results for: kriss tolol
2020-02-17 00:06:12.952  INFO 9552 --- [XNIO-1 I/O-1] lavalink.server.io.SocketServer          : {"volume":1,"guildId":"388355964195307530","op":"volume"}
2020-02-17 00:06:32.606  INFO 9552 --- [XNIO-1 I/O-1] lavalink.server.io.SocketServer          : Connection closed from /127.0.0.1:54197 -- CloseStatus[code=1006, reason=]
2020-02-17 00:06:32.606  INFO 9552 --- [XNIO-1 I/O-1] lavalink.server.io.SocketContext         : Shutting down 1 playing players.
2020-02-17 00:06:32.606  INFO 9552 --- [XNIO-1 I/O-1] c.s.d.l.tools.GarbageCollectionMonitor   : GC monitoring disabled.
2020-02-17 00:06:32.615  WARN 9552 --- [lava-daemon-pool-playback-33-thread-1] c.s.d.l.t.p.LocalAudioTrackExecutor      : Suspicious exception for playback of UelDrZ1aFeY

com.sedmelluq.discord.lavaplayer.tools.FriendlyException: The track was unexpectedly terminated.
	at com.sedmelluq.discord.lavaplayer.track.playback.LocalAudioTrackExecutor.handlePlaybackInterrupt(LocalAudioTrackExecutor.java:334) ~[lavaplayer-1.3.32.jar!/:na]
	at com.sedmelluq.discord.lavaplayer.track.playback.LocalAudioTrackExecutor.executeProcessingLoop(LocalAudioTrackExecutor.java:278) ~[lavaplayer-1.3.32.jar!/:na]
	at com.sedmelluq.discord.lavaplayer.track.playback.LocalAudioTrackExecutor.executeProcessingLoop(LocalAudioTrackExecutor.java:236) ~[lavaplayer-1.3.32.jar!/:na]
	at com.sedmelluq.discord.lavaplayer.container.matroska.MatroskaAudioTrack.process(MatroskaAudioTrack.java:39) ~[lavaplayer-1.3.32.jar!/:na]
	at com.sedmelluq.discord.lavaplayer.track.DelegatedAudioTrack.processDelegate(DelegatedAudioTrack.java:25) ~[lavaplayer-1.3.32.jar!/:na]
	at com.sedmelluq.discord.lavaplayer.source.youtube.YoutubeAudioTrack.processStatic(YoutubeAudioTrack.java:57) ~[lavaplayer-1.3.32.jar!/:na]
	at com.sedmelluq.discord.lavaplayer.source.youtube.YoutubeAudioTrack.process(YoutubeAudioTrack.java:49) ~[lavaplayer-1.3.32.jar!/:na]
	at com.sedmelluq.discord.lavaplayer.track.playback.LocalAudioTrackExecutor.execute(LocalAudioTrackExecutor.java:91) ~[lavaplayer-1.3.32.jar!/:na]
	at com.sedmelluq.discord.lavaplayer.player.DefaultAudioPlayerManager.lambda$executeTrack$1(DefaultAudioPlayerManager.java:349) ~[lavaplayer-1.3.32.jar!/:na]
	at java.base/java.util.concurrent.ThreadPoolExecutor.runWorker(ThreadPoolExecutor.java:1128) ~[na:na]
	at java.base/java.util.concurrent.ThreadPoolExecutor$Worker.run(ThreadPoolExecutor.java:628) ~[na:na]
	at java.base/java.lang.Thread.run(Thread.java:834) ~[na:na]
Caused by: java.lang.InterruptedException: null
	at java.base/java.util.concurrent.locks.AbstractQueuedSynchronizer$ConditionObject.reportInterruptAfterWait(AbstractQueuedSynchronizer.java:2056) ~[na:na]
	at java.base/java.util.concurrent.locks.AbstractQueuedSynchronizer$ConditionObject.await(AbstractQueuedSynchronizer.java:2090) ~[na:na]
	at java.base/java.util.concurrent.ArrayBlockingQueue.put(ArrayBlockingQueue.java:367) ~[na:na]
	at com.sedmelluq.discord.lavaplayer.track.playback.AllocatingAudioFrameBuffer.consume(AllocatingAudioFrameBuffer.java:179) ~[lavaplayer-1.3.32.jar!/:na]
	at com.sedmelluq.discord.lavaplayer.filter.BufferingPostProcessor.process(BufferingPostProcessor.java:41) ~[lavaplayer-1.3.32.jar!/:na]
	at com.sedmelluq.discord.lavaplayer.filter.FinalPcmAudioFilter.dispatch(FinalPcmAudioFilter.java:158) ~[lavaplayer-1.3.32.jar!/:na]
	at com.sedmelluq.discord.lavaplayer.filter.FinalPcmAudioFilter.process(FinalPcmAudioFilter.java:130) ~[lavaplayer-1.3.32.jar!/:na]
	at com.sedmelluq.discord.lavaplayer.filter.UserProvidedAudioFilters.process(UserProvidedAudioFilters.java:77) ~[lavaplayer-1.3.32.jar!/:na]
	at com.sedmelluq.discord.lavaplayer.filter.AudioPipeline.process(AudioPipeline.java:33) ~[lavaplayer-1.3.32.jar!/:na]
	at com.sedmelluq.discord.lavaplayer.container.common.OpusPacketRouter.passDownstream(OpusPacketRouter.java:161) ~[lavaplayer-1.3.32.jar!/:na]
	at com.sedmelluq.discord.lavaplayer.container.common.OpusPacketRouter.process(OpusPacketRouter.java:97) ~[lavaplayer-1.3.32.jar!/:na]
	at com.sedmelluq.discord.lavaplayer.container.matroska.MatroskaOpusTrackConsumer.consume(MatroskaOpusTrackConsumer.java:47) ~[lavaplayer-1.3.32.jar!/:na]
	at com.sedmelluq.discord.lavaplayer.container.matroska.MatroskaStreamingFile.processFrameInBlock(MatroskaStreamingFile.java:372) ~[lavaplayer-1.3.32.jar!/:na]
	at com.sedmelluq.discord.lavaplayer.container.matroska.MatroskaStreamingFile.parseClusterSimpleBlock(MatroskaStreamingFile.java:336) ~[lavaplayer-1.3.32.jar!/:na]
	at com.sedmelluq.discord.lavaplayer.container.matroska.MatroskaStreamingFile.parseNextCluster(MatroskaStreamingFile.java:321) ~[lavaplayer-1.3.32.jar!/:na]
	at com.sedmelluq.discord.lavaplayer.container.matroska.MatroskaStreamingFile.provideFrames(MatroskaStreamingFile.java:297) ~[lavaplayer-1.3.32.jar!/:na]
	at com.sedmelluq.discord.lavaplayer.container.matroska.MatroskaAudioTrack.lambda$process$0(MatroskaAudioTrack.java:40) ~[lavaplayer-1.3.32.jar!/:na]
	at com.sedmelluq.discord.lavaplayer.track.playback.LocalAudioTrackExecutor.executeProcessingLoop(LocalAudioTrackExecutor.java:262) ~[lavaplayer-1.3.32.jar!/:na]
	... 10 common frames omitted

2020-02-17 00:08:29.398  INFO 9552 --- [XNIO-1 task-29] l.server.io.HandshakeInterceptorImpl     : Incoming connection from /127.0.0.1:54260
2020-02-17 00:08:29.403  INFO 9552 --- [XNIO-1 task-29] c.s.d.l.tools.GarbageCollectionMonitor   : GC monitoring enabled, reporting results every 2 minutes.
2020-02-17 00:08:29.408  INFO 9552 --- [XNIO-1 task-29] lavalink.server.io.SocketServer          : Connection successfully established from /127.0.0.1:54260
2020-02-17 00:08:35.772  INFO 9552 --- [XNIO-1 task-30] l.server.player.AudioLoaderRestHandler   : GET /loadtracks
2020-02-17 00:08:36.299  INFO 9552 --- [lava-daemon-pool-info-loader-2-thread-1] lavalink.server.player.AudioLoader       : Loaded playlist Search results for: something
2020-02-17 00:08:36.338  INFO 9552 --- [XNIO-1 I/O-4] lavalink.server.io.SocketServer          : {"track":"QAAAfAIAF1RoZSBCZWF0bGVzIC0gU29tZXRoaW5nAAtUaGUgQmVhdGxlcwAAAAAAAt5gAAtVZWxEcloxYUZlWQABACtodHRwczovL3d3dy55b3V0dWJlLmNvbS93YXRjaD92PVVlbERyWjFhRmVZAAd5b3V0dWJlAAAAAAAAAAA=","startTime":0,"endTime":0,"noReplace":false,"guildId":"388355964195307530","op":"play"}
2020-02-17 00:08:36.767  INFO 9552 --- [XNIO-1 I/O-4] lavalink.server.io.SocketServer          : {"sessionId":"710827af7d4e697860cef8943b30499c","event":{"token":"5519718bf95982a2","guildid":"388355964195307530","endpoint":"singapore466.discord.media:80"},"guildId":"388355964195307530","op":"voiceUpdate"}
2020-02-17 00:08:37.297  INFO 9552 --- [XNIO-1 task-32] l.server.player.AudioLoaderRestHandler   : GET /loadtracks
2020-02-17 00:08:37.848  INFO 9552 --- [lava-daemon-pool-info-loader-2-thread-1] lavalink.server.player.AudioLoader       : Loaded playlist Search results for: blabla
2020-02-17 00:08:39.183  INFO 9552 --- [XNIO-1 task-2] l.server.player.AudioLoaderRestHandler   : GET /loadtracks
2020-02-17 00:08:39.696  INFO 9552 --- [lava-daemon-pool-info-loader-2-thread-1] lavalink.server.player.AudioLoader       : Loaded playlist Search results for: asdas
2020-02-17 00:08:41.032  INFO 9552 --- [XNIO-1 I/O-4] lavalink.server.io.SocketServer          : {"volume":1,"guildId":"388355964195307530","op":"volume"}
2020-02-17 00:09:01.207  INFO 9552 --- [XNIO-1 I/O-4] lavalink.server.io.SocketServer          : Connection closed from /127.0.0.1:54260 -- CloseStatus[code=1006, reason=]
2020-02-17 00:09:01.207  INFO 9552 --- [XNIO-1 I/O-4] lavalink.server.io.SocketContext         : Shutting down 1 playing players.
2020-02-17 00:09:01.207  INFO 9552 --- [XNIO-1 I/O-4] c.s.d.l.tools.GarbageCollectionMonitor   : GC monitoring disabled.
2020-02-17 00:09:01.223  WARN 9552 --- [lava-daemon-pool-playback-37-thread-1] c.s.d.l.t.p.LocalAudioTrackExecutor      : Suspicious exception for playback of UelDrZ1aFeY

com.sedmelluq.discord.lavaplayer.tools.FriendlyException: The track was unexpectedly terminated.
	at com.sedmelluq.discord.lavaplayer.track.playback.LocalAudioTrackExecutor.handlePlaybackInterrupt(LocalAudioTrackExecutor.java:334) ~[lavaplayer-1.3.32.jar!/:na]
	at com.sedmelluq.discord.lavaplayer.track.playback.LocalAudioTrackExecutor.executeProcessingLoop(LocalAudioTrackExecutor.java:278) ~[lavaplayer-1.3.32.jar!/:na]
	at com.sedmelluq.discord.lavaplayer.track.playback.LocalAudioTrackExecutor.executeProcessingLoop(LocalAudioTrackExecutor.java:236) ~[lavaplayer-1.3.32.jar!/:na]
	at com.sedmelluq.discord.lavaplayer.container.matroska.MatroskaAudioTrack.process(MatroskaAudioTrack.java:39) ~[lavaplayer-1.3.32.jar!/:na]
	at com.sedmelluq.discord.lavaplayer.track.DelegatedAudioTrack.processDelegate(DelegatedAudioTrack.java:25) ~[lavaplayer-1.3.32.jar!/:na]
	at com.sedmelluq.discord.lavaplayer.source.youtube.YoutubeAudioTrack.processStatic(YoutubeAudioTrack.java:57) ~[lavaplayer-1.3.32.jar!/:na]
	at com.sedmelluq.discord.lavaplayer.source.youtube.YoutubeAudioTrack.process(YoutubeAudioTrack.java:49) ~[lavaplayer-1.3.32.jar!/:na]
	at com.sedmelluq.discord.lavaplayer.track.playback.LocalAudioTrackExecutor.execute(LocalAudioTrackExecutor.java:91) ~[lavaplayer-1.3.32.jar!/:na]
	at com.sedmelluq.discord.lavaplayer.player.DefaultAudioPlayerManager.lambda$executeTrack$1(DefaultAudioPlayerManager.java:349) ~[lavaplayer-1.3.32.jar!/:na]
	at java.base/java.util.concurrent.ThreadPoolExecutor.runWorker(ThreadPoolExecutor.java:1128) ~[na:na]
	at java.base/java.util.concurrent.ThreadPoolExecutor$Worker.run(ThreadPoolExecutor.java:628) ~[na:na]
	at java.base/java.lang.Thread.run(Thread.java:834) ~[na:na]
Caused by: java.lang.InterruptedException: null
	at java.base/java.util.concurrent.locks.AbstractQueuedSynchronizer.acquireInterruptibly(AbstractQueuedSynchronizer.java:1261) ~[na:na]
	at java.base/java.util.concurrent.locks.ReentrantLock.lockInterruptibly(ReentrantLock.java:317) ~[na:na]
	at java.base/java.util.concurrent.ArrayBlockingQueue.put(ArrayBlockingQueue.java:364) ~[na:na]
	at com.sedmelluq.discord.lavaplayer.track.playback.AllocatingAudioFrameBuffer.consume(AllocatingAudioFrameBuffer.java:179) ~[lavaplayer-1.3.32.jar!/:na]
	at com.sedmelluq.discord.lavaplayer.filter.BufferingPostProcessor.process(BufferingPostProcessor.java:41) ~[lavaplayer-1.3.32.jar!/:na]
	at com.sedmelluq.discord.lavaplayer.filter.FinalPcmAudioFilter.dispatch(FinalPcmAudioFilter.java:158) ~[lavaplayer-1.3.32.jar!/:na]
	at com.sedmelluq.discord.lavaplayer.filter.FinalPcmAudioFilter.process(FinalPcmAudioFilter.java:130) ~[lavaplayer-1.3.32.jar!/:na]
	at com.sedmelluq.discord.lavaplayer.filter.UserProvidedAudioFilters.process(UserProvidedAudioFilters.java:77) ~[lavaplayer-1.3.32.jar!/:na]
	at com.sedmelluq.discord.lavaplayer.filter.AudioPipeline.process(AudioPipeline.java:33) ~[lavaplayer-1.3.32.jar!/:na]
	at com.sedmelluq.discord.lavaplayer.container.common.OpusPacketRouter.passDownstream(OpusPacketRouter.java:161) ~[lavaplayer-1.3.32.jar!/:na]
	at com.sedmelluq.discord.lavaplayer.container.common.OpusPacketRouter.process(OpusPacketRouter.java:97) ~[lavaplayer-1.3.32.jar!/:na]
	at com.sedmelluq.discord.lavaplayer.container.matroska.MatroskaOpusTrackConsumer.consume(MatroskaOpusTrackConsumer.java:47) ~[lavaplayer-1.3.32.jar!/:na]
	at com.sedmelluq.discord.lavaplayer.container.matroska.MatroskaStreamingFile.processFrameInBlock(MatroskaStreamingFile.java:372) ~[lavaplayer-1.3.32.jar!/:na]
	at com.sedmelluq.discord.lavaplayer.container.matroska.MatroskaStreamingFile.parseClusterSimpleBlock(MatroskaStreamingFile.java:336) ~[lavaplayer-1.3.32.jar!/:na]
	at com.sedmelluq.discord.lavaplayer.container.matroska.MatroskaStreamingFile.parseNextCluster(MatroskaStreamingFile.java:321) ~[lavaplayer-1.3.32.jar!/:na]
	at com.sedmelluq.discord.lavaplayer.container.matroska.MatroskaStreamingFile.provideFrames(MatroskaStreamingFile.java:297) ~[lavaplayer-1.3.32.jar!/:na]
	at com.sedmelluq.discord.lavaplayer.container.matroska.MatroskaAudioTrack.lambda$process$0(MatroskaAudioTrack.java:40) ~[lavaplayer-1.3.32.jar!/:na]
	at com.sedmelluq.discord.lavaplayer.track.playback.LocalAudioTrackExecutor.executeProcessingLoop(LocalAudioTrackExecutor.java:262) ~[lavaplayer-1.3.32.jar!/:na]
	... 10 common frames omitted

2020-02-17 00:09:36.509  INFO 9552 --- [XNIO-1 task-4] l.server.io.HandshakeInterceptorImpl     : Incoming connection from /127.0.0.1:54283
2020-02-17 00:09:36.512  INFO 9552 --- [XNIO-1 task-4] c.s.d.l.tools.GarbageCollectionMonitor   : GC monitoring enabled, reporting results every 2 minutes.
2020-02-17 00:09:36.517  INFO 9552 --- [XNIO-1 task-4] lavalink.server.io.SocketServer          : Connection successfully established from /127.0.0.1:54283
2020-02-17 00:09:43.160  INFO 9552 --- [XNIO-1 task-5] l.server.player.AudioLoaderRestHandler   : GET /loadtracks
2020-02-17 00:09:43.733  INFO 9552 --- [lava-daemon-pool-info-loader-2-thread-1] lavalink.server.player.AudioLoader       : Loaded playlist Search results for: something
2020-02-17 00:09:46.393  INFO 9552 --- [XNIO-1 task-7] l.server.player.AudioLoaderRestHandler   : GET /loadtracks
2020-02-17 00:09:46.871  INFO 9552 --- [lava-daemon-pool-info-loader-2-thread-1] lavalink.server.player.AudioLoader       : Loaded playlist Search results for: blabla
2020-02-17 00:10:03.235  INFO 9552 --- [XNIO-1 I/O-3] lavalink.server.io.SocketServer          : Connection closed from /127.0.0.1:54283 -- CloseStatus[code=1006, reason=]
2020-02-17 00:10:03.235  INFO 9552 --- [XNIO-1 I/O-3] lavalink.server.io.SocketContext         : Shutting down 0 playing players.
2020-02-17 00:10:03.235  INFO 9552 --- [XNIO-1 I/O-3] c.s.d.l.tools.GarbageCollectionMonitor   : GC monitoring disabled.
2020-02-17 00:10:29.884  INFO 9552 --- [XNIO-1 task-9] l.server.io.HandshakeInterceptorImpl     : Incoming connection from /127.0.0.1:54301
2020-02-17 00:10:29.887  INFO 9552 --- [XNIO-1 task-9] c.s.d.l.tools.GarbageCollectionMonitor   : GC monitoring enabled, reporting results every 2 minutes.
2020-02-17 00:10:29.910  INFO 9552 --- [XNIO-1 task-9] lavalink.server.io.SocketServer          : Connection successfully established from /127.0.0.1:54301
2020-02-17 00:10:35.447  INFO 9552 --- [XNIO-1 task-10] l.server.player.AudioLoaderRestHandler   : GET /loadtracks
2020-02-17 00:10:36.017  INFO 9552 --- [lava-daemon-pool-info-loader-2-thread-1] lavalink.server.player.AudioLoader       : Loaded playlist Search results for: something
2020-02-17 00:10:36.056  INFO 9552 --- [XNIO-1 I/O-1] lavalink.server.io.SocketServer          : {"track":"QAAAfAIAF1RoZSBCZWF0bGVzIC0gU29tZXRoaW5nAAtUaGUgQmVhdGxlcwAAAAAAAt5gAAtVZWxEcloxYUZlWQABACtodHRwczovL3d3dy55b3V0dWJlLmNvbS93YXRjaD92PVVlbERyWjFhRmVZAAd5b3V0dWJlAAAAAAAAAAA=","startTime":0,"endTime":0,"noReplace":false,"guildId":"388355964195307530","op":"play"}
2020-02-17 00:10:36.438  INFO 9552 --- [XNIO-1 I/O-1] lavalink.server.io.SocketServer          : {"sessionId":"8d3b6e50d3a9cc456e08ee12f887f988","event":{"token":"ac20a0df68db82fa","guildid":"388355964195307530","endpoint":"singapore466.discord.media:80"},"guildId":"388355964195307530","op":"voiceUpdate"}
2020-02-17 00:10:36.660  INFO 9552 --- [XNIO-1 I/O-1] lavalink.server.io.SocketServer          : {"volume":1,"guildId":"388355964195307530","op":"volume"}
2020-02-17 00:10:39.005  INFO 9552 --- [XNIO-1 task-12] l.server.player.AudioLoaderRestHandler   : GET /loadtracks
2020-02-17 00:10:39.480  INFO 9552 --- [lava-daemon-pool-info-loader-2-thread-1] lavalink.server.player.AudioLoader       : Loaded playlist Search results for: bla bla
2020-02-17 00:10:43.615  INFO 9552 --- [XNIO-1 task-14] l.server.player.AudioLoaderRestHandler   : GET /loadtracks
2020-02-17 00:10:44.166  INFO 9552 --- [lava-daemon-pool-info-loader-2-thread-1] lavalink.server.player.AudioLoader       : Loaded playlist Search results for: suara dengarkanlah aku
2020-02-17 00:13:44.334  INFO 9552 --- [XNIO-1 I/O-1] lavalink.server.io.SocketServer          : {"track":"QAAAogIAOEFybWluIHZhbiBCdXVyZW4gLSBCbGFoIEJsYWggQmxhaCAoT2ZmaWNpYWwgTHlyaWMgVmlkZW8pABBBcm1pbiB2YW4gQnV1cmVuAAAAAAAC9dAAC21mSmhNZk9QV2RFAAEAK2h0dHBzOi8vd3d3LnlvdXR1YmUuY29tL3dhdGNoP3Y9bWZKaE1mT1BXZEUAB3lvdXR1YmUAAAAAAAAAAA==","startTime":0,"endTime":0,"noReplace":false,"guildId":"388355964195307530","op":"play"}
2020-02-17 00:14:42.207  INFO 9552 --- [XNIO-1 task-16] l.server.player.AudioLoaderRestHandler   : GET /loadtracks
2020-02-17 00:14:42.576  INFO 9552 --- [lava-daemon-pool-info-loader-2-thread-1] lavalink.server.player.AudioLoader       : Loaded playlist Search results for: kriss bego
2020-02-17 00:16:22.304  INFO 9552 --- [XNIO-1 I/O-1] lavalink.server.io.SocketServer          : Connection closed from /127.0.0.1:54301 -- CloseStatus[code=1006, reason=]
2020-02-17 00:16:22.304  INFO 9552 --- [XNIO-1 I/O-1] lavalink.server.io.SocketContext         : Shutting down 1 playing players.
2020-02-17 00:16:22.304  INFO 9552 --- [XNIO-1 I/O-1] c.s.d.l.tools.GarbageCollectionMonitor   : GC monitoring disabled.
2020-02-17 00:16:22.318  WARN 9552 --- [lava-daemon-pool-playback-45-thread-1] c.s.d.l.t.p.LocalAudioTrackExecutor      : Suspicious exception for playback of mfJhMfOPWdE

com.sedmelluq.discord.lavaplayer.tools.FriendlyException: The track was unexpectedly terminated.
	at com.sedmelluq.discord.lavaplayer.track.playback.LocalAudioTrackExecutor.handlePlaybackInterrupt(LocalAudioTrackExecutor.java:334) ~[lavaplayer-1.3.32.jar!/:na]
	at com.sedmelluq.discord.lavaplayer.track.playback.LocalAudioTrackExecutor.executeProcessingLoop(LocalAudioTrackExecutor.java:278) ~[lavaplayer-1.3.32.jar!/:na]
	at com.sedmelluq.discord.lavaplayer.track.playback.LocalAudioTrackExecutor.executeProcessingLoop(LocalAudioTrackExecutor.java:236) ~[lavaplayer-1.3.32.jar!/:na]
	at com.sedmelluq.discord.lavaplayer.container.matroska.MatroskaAudioTrack.process(MatroskaAudioTrack.java:39) ~[lavaplayer-1.3.32.jar!/:na]
	at com.sedmelluq.discord.lavaplayer.track.DelegatedAudioTrack.processDelegate(DelegatedAudioTrack.java:25) ~[lavaplayer-1.3.32.jar!/:na]
	at com.sedmelluq.discord.lavaplayer.source.youtube.YoutubeAudioTrack.processStatic(YoutubeAudioTrack.java:57) ~[lavaplayer-1.3.32.jar!/:na]
	at com.sedmelluq.discord.lavaplayer.source.youtube.YoutubeAudioTrack.process(YoutubeAudioTrack.java:49) ~[lavaplayer-1.3.32.jar!/:na]
	at com.sedmelluq.discord.lavaplayer.track.playback.LocalAudioTrackExecutor.execute(LocalAudioTrackExecutor.java:91) ~[lavaplayer-1.3.32.jar!/:na]
	at com.sedmelluq.discord.lavaplayer.player.DefaultAudioPlayerManager.lambda$executeTrack$1(DefaultAudioPlayerManager.java:349) ~[lavaplayer-1.3.32.jar!/:na]
	at java.base/java.util.concurrent.ThreadPoolExecutor.runWorker(ThreadPoolExecutor.java:1128) ~[na:na]
	at java.base/java.util.concurrent.ThreadPoolExecutor$Worker.run(ThreadPoolExecutor.java:628) ~[na:na]
	at java.base/java.lang.Thread.run(Thread.java:834) ~[na:na]
Caused by: java.lang.InterruptedException: null
	at java.base/java.util.concurrent.locks.AbstractQueuedSynchronizer$ConditionObject.reportInterruptAfterWait(AbstractQueuedSynchronizer.java:2056) ~[na:na]
	at java.base/java.util.concurrent.locks.AbstractQueuedSynchronizer$ConditionObject.await(AbstractQueuedSynchronizer.java:2090) ~[na:na]
	at java.base/java.util.concurrent.ArrayBlockingQueue.put(ArrayBlockingQueue.java:367) ~[na:na]
	at com.sedmelluq.discord.lavaplayer.track.playback.AllocatingAudioFrameBuffer.consume(AllocatingAudioFrameBuffer.java:179) ~[lavaplayer-1.3.32.jar!/:na]
	at com.sedmelluq.discord.lavaplayer.filter.BufferingPostProcessor.process(BufferingPostProcessor.java:41) ~[lavaplayer-1.3.32.jar!/:na]
	at com.sedmelluq.discord.lavaplayer.filter.FinalPcmAudioFilter.dispatch(FinalPcmAudioFilter.java:158) ~[lavaplayer-1.3.32.jar!/:na]
	at com.sedmelluq.discord.lavaplayer.filter.FinalPcmAudioFilter.process(FinalPcmAudioFilter.java:130) ~[lavaplayer-1.3.32.jar!/:na]
	at com.sedmelluq.discord.lavaplayer.filter.UserProvidedAudioFilters.process(UserProvidedAudioFilters.java:77) ~[lavaplayer-1.3.32.jar!/:na]
	at com.sedmelluq.discord.lavaplayer.filter.AudioPipeline.process(AudioPipeline.java:33) ~[lavaplayer-1.3.32.jar!/:na]
	at com.sedmelluq.discord.lavaplayer.container.common.OpusPacketRouter.passDownstream(OpusPacketRouter.java:161) ~[lavaplayer-1.3.32.jar!/:na]
	at com.sedmelluq.discord.lavaplayer.container.common.OpusPacketRouter.process(OpusPacketRouter.java:97) ~[lavaplayer-1.3.32.jar!/:na]
	at com.sedmelluq.discord.lavaplayer.container.matroska.MatroskaOpusTrackConsumer.consume(MatroskaOpusTrackConsumer.java:47) ~[lavaplayer-1.3.32.jar!/:na]
	at com.sedmelluq.discord.lavaplayer.container.matroska.MatroskaStreamingFile.processFrameInBlock(MatroskaStreamingFile.java:372) ~[lavaplayer-1.3.32.jar!/:na]
	at com.sedmelluq.discord.lavaplayer.container.matroska.MatroskaStreamingFile.parseClusterSimpleBlock(MatroskaStreamingFile.java:336) ~[lavaplayer-1.3.32.jar!/:na]
	at com.sedmelluq.discord.lavaplayer.container.matroska.MatroskaStreamingFile.parseNextCluster(MatroskaStreamingFile.java:321) ~[lavaplayer-1.3.32.jar!/:na]
	at com.sedmelluq.discord.lavaplayer.container.matroska.MatroskaStreamingFile.provideFrames(MatroskaStreamingFile.java:297) ~[lavaplayer-1.3.32.jar!/:na]
	at com.sedmelluq.discord.lavaplayer.container.matroska.MatroskaAudioTrack.lambda$process$0(MatroskaAudioTrack.java:40) ~[lavaplayer-1.3.32.jar!/:na]
	at com.sedmelluq.discord.lavaplayer.track.playback.LocalAudioTrackExecutor.executeProcessingLoop(LocalAudioTrackExecutor.java:262) ~[lavaplayer-1.3.32.jar!/:na]
	... 10 common frames omitted

2020-02-17 00:17:56.210  INFO 9552 --- [XNIO-1 task-18] l.server.io.HandshakeInterceptorImpl     : Incoming connection from /127.0.0.1:54375
2020-02-17 00:17:56.218  INFO 9552 --- [XNIO-1 task-18] c.s.d.l.tools.GarbageCollectionMonitor   : GC monitoring enabled, reporting results every 2 minutes.
2020-02-17 00:17:56.224  INFO 9552 --- [XNIO-1 task-18] lavalink.server.io.SocketServer          : Connection successfully established from /127.0.0.1:54375
2020-02-17 00:18:02.657  INFO 9552 --- [XNIO-1 task-19] l.server.player.AudioLoaderRestHandler   : GET /loadtracks
2020-02-17 00:18:03.192  INFO 9552 --- [lava-daemon-pool-info-loader-2-thread-1] lavalink.server.player.AudioLoader       : Loaded playlist Search results for: something
2020-02-17 00:18:03.214  INFO 9552 --- [XNIO-1 I/O-3] lavalink.server.io.SocketServer          : {"track":"QAAAfAIAF1RoZSBCZWF0bGVzIC0gU29tZXRoaW5nAAtUaGUgQmVhdGxlcwAAAAAAAt5gAAtVZWxEcloxYUZlWQABACtodHRwczovL3d3dy55b3V0dWJlLmNvbS93YXRjaD92PVVlbERyWjFhRmVZAAd5b3V0dWJlAAAAAAAAAAA=","startTime":0,"endTime":0,"noReplace":false,"guildId":"388355964195307530","op":"play"}
2020-02-17 00:18:03.697  INFO 9552 --- [XNIO-1 I/O-3] lavalink.server.io.SocketServer          : {"sessionId":"399e60f1db1b091276f176569b78a988","event":{"token":"2ad64bd03f1c07f5","guildid":"388355964195307530","endpoint":"singapore466.discord.media:80"},"guildId":"388355964195307530","op":"voiceUpdate"}
2020-02-17 00:18:03.706  INFO 9552 --- [XNIO-1 I/O-3] lavalink.server.io.SocketServer          : {"volume":1,"guildId":"388355964195307530","op":"volume"}
2020-02-17 00:18:08.072  INFO 9552 --- [XNIO-1 task-21] l.server.player.AudioLoaderRestHandler   : GET /loadtracks
2020-02-17 00:18:08.554  INFO 9552 --- [lava-daemon-pool-info-loader-2-thread-1] lavalink.server.player.AudioLoader       : Loaded playlist Search results for: blabla
2020-02-17 00:18:16.803  INFO 9552 --- [XNIO-1 I/O-3] lavalink.server.io.SocketServer          : Connection closed from /127.0.0.1:54375 -- CloseStatus[code=1006, reason=]
2020-02-17 00:18:16.805  INFO 9552 --- [XNIO-1 I/O-3] lavalink.server.io.SocketContext         : Shutting down 1 playing players.
2020-02-17 00:18:16.805  INFO 9552 --- [XNIO-1 I/O-3] c.s.d.l.tools.GarbageCollectionMonitor   : GC monitoring disabled.
2020-02-17 00:18:16.813  WARN 9552 --- [lava-daemon-pool-playback-49-thread-1] c.s.d.l.t.p.LocalAudioTrackExecutor      : Suspicious exception for playback of UelDrZ1aFeY

com.sedmelluq.discord.lavaplayer.tools.FriendlyException: The track was unexpectedly terminated.
	at com.sedmelluq.discord.lavaplayer.track.playback.LocalAudioTrackExecutor.handlePlaybackInterrupt(LocalAudioTrackExecutor.java:334) ~[lavaplayer-1.3.32.jar!/:na]
	at com.sedmelluq.discord.lavaplayer.track.playback.LocalAudioTrackExecutor.executeProcessingLoop(LocalAudioTrackExecutor.java:278) ~[lavaplayer-1.3.32.jar!/:na]
	at com.sedmelluq.discord.lavaplayer.track.playback.LocalAudioTrackExecutor.executeProcessingLoop(LocalAudioTrackExecutor.java:236) ~[lavaplayer-1.3.32.jar!/:na]
	at com.sedmelluq.discord.lavaplayer.container.matroska.MatroskaAudioTrack.process(MatroskaAudioTrack.java:39) ~[lavaplayer-1.3.32.jar!/:na]
	at com.sedmelluq.discord.lavaplayer.track.DelegatedAudioTrack.processDelegate(DelegatedAudioTrack.java:25) ~[lavaplayer-1.3.32.jar!/:na]
	at com.sedmelluq.discord.lavaplayer.source.youtube.YoutubeAudioTrack.processStatic(YoutubeAudioTrack.java:57) ~[lavaplayer-1.3.32.jar!/:na]
	at com.sedmelluq.discord.lavaplayer.source.youtube.YoutubeAudioTrack.process(YoutubeAudioTrack.java:49) ~[lavaplayer-1.3.32.jar!/:na]
	at com.sedmelluq.discord.lavaplayer.track.playback.LocalAudioTrackExecutor.execute(LocalAudioTrackExecutor.java:91) ~[lavaplayer-1.3.32.jar!/:na]
	at com.sedmelluq.discord.lavaplayer.player.DefaultAudioPlayerManager.lambda$executeTrack$1(DefaultAudioPlayerManager.java:349) ~[lavaplayer-1.3.32.jar!/:na]
	at java.base/java.util.concurrent.ThreadPoolExecutor.runWorker(ThreadPoolExecutor.java:1128) ~[na:na]
	at java.base/java.util.concurrent.ThreadPoolExecutor$Worker.run(ThreadPoolExecutor.java:628) ~[na:na]
	at java.base/java.lang.Thread.run(Thread.java:834) ~[na:na]
Caused by: java.lang.InterruptedException: null
	at java.base/java.util.concurrent.locks.AbstractQueuedSynchronizer$ConditionObject.reportInterruptAfterWait(AbstractQueuedSynchronizer.java:2056) ~[na:na]
	at java.base/java.util.concurrent.locks.AbstractQueuedSynchronizer$ConditionObject.await(AbstractQueuedSynchronizer.java:2090) ~[na:na]
	at java.base/java.util.concurrent.ArrayBlockingQueue.put(ArrayBlockingQueue.java:367) ~[na:na]
	at com.sedmelluq.discord.lavaplayer.track.playback.AllocatingAudioFrameBuffer.consume(AllocatingAudioFrameBuffer.java:179) ~[lavaplayer-1.3.32.jar!/:na]
	at com.sedmelluq.discord.lavaplayer.filter.BufferingPostProcessor.process(BufferingPostProcessor.java:41) ~[lavaplayer-1.3.32.jar!/:na]
	at com.sedmelluq.discord.lavaplayer.filter.FinalPcmAudioFilter.dispatch(FinalPcmAudioFilter.java:158) ~[lavaplayer-1.3.32.jar!/:na]
	at com.sedmelluq.discord.lavaplayer.filter.FinalPcmAudioFilter.process(FinalPcmAudioFilter.java:130) ~[lavaplayer-1.3.32.jar!/:na]
	at com.sedmelluq.discord.lavaplayer.filter.UserProvidedAudioFilters.process(UserProvidedAudioFilters.java:77) ~[lavaplayer-1.3.32.jar!/:na]
	at com.sedmelluq.discord.lavaplayer.filter.AudioPipeline.process(AudioPipeline.java:33) ~[lavaplayer-1.3.32.jar!/:na]
	at com.sedmelluq.discord.lavaplayer.container.common.OpusPacketRouter.passDownstream(OpusPacketRouter.java:161) ~[lavaplayer-1.3.32.jar!/:na]
	at com.sedmelluq.discord.lavaplayer.container.common.OpusPacketRouter.process(OpusPacketRouter.java:97) ~[lavaplayer-1.3.32.jar!/:na]
	at com.sedmelluq.discord.lavaplayer.container.matroska.MatroskaOpusTrackConsumer.consume(MatroskaOpusTrackConsumer.java:47) ~[lavaplayer-1.3.32.jar!/:na]
	at com.sedmelluq.discord.lavaplayer.container.matroska.MatroskaStreamingFile.processFrameInBlock(MatroskaStreamingFile.java:372) ~[lavaplayer-1.3.32.jar!/:na]
	at com.sedmelluq.discord.lavaplayer.container.matroska.MatroskaStreamingFile.parseClusterSimpleBlock(MatroskaStreamingFile.java:336) ~[lavaplayer-1.3.32.jar!/:na]
	at com.sedmelluq.discord.lavaplayer.container.matroska.MatroskaStreamingFile.parseNextCluster(MatroskaStreamingFile.java:321) ~[lavaplayer-1.3.32.jar!/:na]
	at com.sedmelluq.discord.lavaplayer.container.matroska.MatroskaStreamingFile.provideFrames(MatroskaStreamingFile.java:297) ~[lavaplayer-1.3.32.jar!/:na]
	at com.sedmelluq.discord.lavaplayer.container.matroska.MatroskaAudioTrack.lambda$process$0(MatroskaAudioTrack.java:40) ~[lavaplayer-1.3.32.jar!/:na]
	at com.sedmelluq.discord.lavaplayer.track.playback.LocalAudioTrackExecutor.executeProcessingLoop(LocalAudioTrackExecutor.java:262) ~[lavaplayer-1.3.32.jar!/:na]
	... 10 common frames omitted

2020-02-17 00:20:22.260  INFO 9552 --- [XNIO-1 task-23] l.server.io.HandshakeInterceptorImpl     : Incoming connection from /127.0.0.1:54493
2020-02-17 00:20:22.288  INFO 9552 --- [XNIO-1 task-23] c.s.d.l.tools.GarbageCollectionMonitor   : GC monitoring enabled, reporting results every 2 minutes.
2020-02-17 00:20:22.293  INFO 9552 --- [XNIO-1 task-23] lavalink.server.io.SocketServer          : Connection successfully established from /127.0.0.1:54493
2020-02-17 00:20:28.759  INFO 9552 --- [XNIO-1 task-24] l.server.player.AudioLoaderRestHandler   : GET /loadtracks
2020-02-17 00:20:29.274  INFO 9552 --- [lava-daemon-pool-info-loader-2-thread-1] lavalink.server.player.AudioLoader       : Loaded playlist Search results for: semothing
2020-02-17 00:20:29.300  INFO 9552 --- [XNIO-1 I/O-1] lavalink.server.io.SocketServer          : {"track":"QAAAlAIALUNhcmEgc21vb3RoaW5nIHJhbWJ1dCBrcmlibyBhZ2FyIGhhc2lsIGxlbWJ1dAANTFlBIGF1dG9kaWRhawAAAAAACSuoAAtUMERYRXlPYTBvMAABACtodHRwczovL3d3dy55b3V0dWJlLmNvbS93YXRjaD92PVQwRFhFeU9hMG8wAAd5b3V0dWJlAAAAAAAAAAA=","startTime":0,"endTime":0,"noReplace":false,"guildId":"388355964195307530","op":"play"}
2020-02-17 00:20:30.002  INFO 9552 --- [XNIO-1 task-26] l.server.player.AudioLoaderRestHandler   : GET /loadtracks
2020-02-17 00:20:30.602  INFO 9552 --- [lava-daemon-pool-info-loader-2-thread-1] lavalink.server.player.AudioLoader       : Loaded playlist Search results for: jeff still
2020-02-17 00:20:45.396  INFO 9552 --- [XNIO-1 I/O-1] lavalink.server.io.SocketServer          : {"sessionId":"079af80148466539cdb86fb4319f73fe","event":{"token":"f37ff446f83bd976","guildid":"388355964195307530","endpoint":"singapore466.discord.media:80"},"guildId":"388355964195307530","op":"voiceUpdate"}
2020-02-17 00:20:45.427  INFO 9552 --- [XNIO-1 I/O-1] lavalink.server.io.SocketServer          : {"volume":1,"guildId":"388355964195307530","op":"volume"}
2020-02-17 00:20:47.988  INFO 9552 --- [XNIO-1 I/O-1] lavalink.server.io.SocketServer          : Connection closed from /127.0.0.1:54493 -- CloseStatus[code=1006, reason=]
2020-02-17 00:20:47.989  INFO 9552 --- [XNIO-1 I/O-1] lavalink.server.io.SocketContext         : Shutting down 1 playing players.
2020-02-17 00:20:47.989  INFO 9552 --- [XNIO-1 I/O-1] c.s.d.l.tools.GarbageCollectionMonitor   : GC monitoring disabled.
2020-02-17 00:20:48.013  WARN 9552 --- [lava-daemon-pool-playback-53-thread-1] c.s.d.l.t.p.LocalAudioTrackExecutor      : Suspicious exception for playback of T0DXEyOa0o0

com.sedmelluq.discord.lavaplayer.tools.FriendlyException: The track was unexpectedly terminated.
	at com.sedmelluq.discord.lavaplayer.track.playback.LocalAudioTrackExecutor.handlePlaybackInterrupt(LocalAudioTrackExecutor.java:334) ~[lavaplayer-1.3.32.jar!/:na]
	at com.sedmelluq.discord.lavaplayer.track.playback.LocalAudioTrackExecutor.executeProcessingLoop(LocalAudioTrackExecutor.java:278) ~[lavaplayer-1.3.32.jar!/:na]
	at com.sedmelluq.discord.lavaplayer.track.playback.LocalAudioTrackExecutor.executeProcessingLoop(LocalAudioTrackExecutor.java:236) ~[lavaplayer-1.3.32.jar!/:na]
	at com.sedmelluq.discord.lavaplayer.container.matroska.MatroskaAudioTrack.process(MatroskaAudioTrack.java:39) ~[lavaplayer-1.3.32.jar!/:na]
	at com.sedmelluq.discord.lavaplayer.track.DelegatedAudioTrack.processDelegate(DelegatedAudioTrack.java:25) ~[lavaplayer-1.3.32.jar!/:na]
	at com.sedmelluq.discord.lavaplayer.source.youtube.YoutubeAudioTrack.processStatic(YoutubeAudioTrack.java:57) ~[lavaplayer-1.3.32.jar!/:na]
	at com.sedmelluq.discord.lavaplayer.source.youtube.YoutubeAudioTrack.process(YoutubeAudioTrack.java:49) ~[lavaplayer-1.3.32.jar!/:na]
	at com.sedmelluq.discord.lavaplayer.track.playback.LocalAudioTrackExecutor.execute(LocalAudioTrackExecutor.java:91) ~[lavaplayer-1.3.32.jar!/:na]
	at com.sedmelluq.discord.lavaplayer.player.DefaultAudioPlayerManager.lambda$executeTrack$1(DefaultAudioPlayerManager.java:349) ~[lavaplayer-1.3.32.jar!/:na]
	at java.base/java.util.concurrent.ThreadPoolExecutor.runWorker(ThreadPoolExecutor.java:1128) ~[na:na]
	at java.base/java.util.concurrent.ThreadPoolExecutor$Worker.run(ThreadPoolExecutor.java:628) ~[na:na]
	at java.base/java.lang.Thread.run(Thread.java:834) ~[na:na]
Caused by: java.lang.InterruptedException: null
	at java.base/java.util.concurrent.locks.AbstractQueuedSynchronizer.acquireInterruptibly(AbstractQueuedSynchronizer.java:1261) ~[na:na]
	at java.base/java.util.concurrent.locks.ReentrantLock.lockInterruptibly(ReentrantLock.java:317) ~[na:na]
	at java.base/java.util.concurrent.ArrayBlockingQueue.put(ArrayBlockingQueue.java:364) ~[na:na]
	at com.sedmelluq.discord.lavaplayer.track.playback.AllocatingAudioFrameBuffer.consume(AllocatingAudioFrameBuffer.java:179) ~[lavaplayer-1.3.32.jar!/:na]
	at com.sedmelluq.discord.lavaplayer.filter.BufferingPostProcessor.process(BufferingPostProcessor.java:41) ~[lavaplayer-1.3.32.jar!/:na]
	at com.sedmelluq.discord.lavaplayer.filter.FinalPcmAudioFilter.dispatch(FinalPcmAudioFilter.java:158) ~[lavaplayer-1.3.32.jar!/:na]
	at com.sedmelluq.discord.lavaplayer.filter.FinalPcmAudioFilter.process(FinalPcmAudioFilter.java:130) ~[lavaplayer-1.3.32.jar!/:na]
	at com.sedmelluq.discord.lavaplayer.filter.UserProvidedAudioFilters.process(UserProvidedAudioFilters.java:77) ~[lavaplayer-1.3.32.jar!/:na]
	at com.sedmelluq.discord.lavaplayer.filter.AudioPipeline.process(AudioPipeline.java:33) ~[lavaplayer-1.3.32.jar!/:na]
	at com.sedmelluq.discord.lavaplayer.container.common.OpusPacketRouter.passDownstream(OpusPacketRouter.java:161) ~[lavaplayer-1.3.32.jar!/:na]
	at com.sedmelluq.discord.lavaplayer.container.common.OpusPacketRouter.process(OpusPacketRouter.java:97) ~[lavaplayer-1.3.32.jar!/:na]
	at com.sedmelluq.discord.lavaplayer.container.matroska.MatroskaOpusTrackConsumer.consume(MatroskaOpusTrackConsumer.java:47) ~[lavaplayer-1.3.32.jar!/:na]
	at com.sedmelluq.discord.lavaplayer.container.matroska.MatroskaStreamingFile.processFrameInBlock(MatroskaStreamingFile.java:372) ~[lavaplayer-1.3.32.jar!/:na]
	at com.sedmelluq.discord.lavaplayer.container.matroska.MatroskaStreamingFile.parseClusterSimpleBlock(MatroskaStreamingFile.java:336) ~[lavaplayer-1.3.32.jar!/:na]
	at com.sedmelluq.discord.lavaplayer.container.matroska.MatroskaStreamingFile.parseNextCluster(MatroskaStreamingFile.java:321) ~[lavaplayer-1.3.32.jar!/:na]
	at com.sedmelluq.discord.lavaplayer.container.matroska.MatroskaStreamingFile.provideFrames(MatroskaStreamingFile.java:297) ~[lavaplayer-1.3.32.jar!/:na]
	at com.sedmelluq.discord.lavaplayer.container.matroska.MatroskaAudioTrack.lambda$process$0(MatroskaAudioTrack.java:40) ~[lavaplayer-1.3.32.jar!/:na]
	at com.sedmelluq.discord.lavaplayer.track.playback.LocalAudioTrackExecutor.executeProcessingLoop(LocalAudioTrackExecutor.java:262) ~[lavaplayer-1.3.32.jar!/:na]
	... 10 common frames omitted

2020-02-17 00:21:16.989  INFO 9552 --- [XNIO-1 task-28] l.server.io.HandshakeInterceptorImpl     : Incoming connection from /127.0.0.1:54514
2020-02-17 00:21:16.992  INFO 9552 --- [XNIO-1 task-28] c.s.d.l.tools.GarbageCollectionMonitor   : GC monitoring enabled, reporting results every 2 minutes.
2020-02-17 00:21:16.997  INFO 9552 --- [XNIO-1 task-28] lavalink.server.io.SocketServer          : Connection successfully established from /127.0.0.1:54514
2020-02-17 00:21:38.308  INFO 9552 --- [XNIO-1 task-29] l.server.player.AudioLoaderRestHandler   : GET /loadtracks
2020-02-17 00:21:38.794  INFO 9552 --- [lava-daemon-pool-info-loader-2-thread-1] lavalink.server.player.AudioLoader       : Loaded playlist Search results for: play something
2020-02-17 00:21:38.827  INFO 9552 --- [XNIO-1 I/O-2] lavalink.server.io.SocketServer          : {"track":"QAAAngIAN0Jyb29rcyAmIER1bm4gLSBQbGF5IFNvbWV0aGluZyBDb3VudHJ5IChPZmZpY2lhbCBWaWRlbykADUJyb29rcyAmIER1bm4AAAAAAAMVEAALVFFNTDNqSUNfOUkAAQAraHR0cHM6Ly93d3cueW91dHViZS5jb20vd2F0Y2g/dj1UUU1MM2pJQ185SQAHeW91dHViZQAAAAAAAAAA","startTime":0,"endTime":0,"noReplace":false,"guildId":"388355964195307530","op":"play"}
2020-02-17 00:21:39.196  INFO 9552 --- [XNIO-1 I/O-2] lavalink.server.io.SocketServer          : {"sessionId":"fabbcb92bcff3bea88e2b0ef4507cb64","event":{"token":"d6e1450e90f47f20","guildid":"388355964195307530","endpoint":"singapore466.discord.media:80"},"guildId":"388355964195307530","op":"voiceUpdate"}
2020-02-17 00:21:41.679  INFO 9552 --- [XNIO-1 I/O-2] lavalink.server.io.SocketServer          : {"volume":1,"guildId":"388355964195307530","op":"volume"}
2020-02-17 00:21:49.623  INFO 9552 --- [XNIO-1 task-31] l.server.player.AudioLoaderRestHandler   : GET /loadtracks
2020-02-17 00:21:50.102  INFO 9552 --- [lava-daemon-pool-info-loader-2-thread-1] lavalink.server.player.AudioLoader       : Loaded playlist Search results for: suara
2020-02-17 00:22:07.403  INFO 9552 --- [XNIO-1 I/O-2] lavalink.server.io.SocketServer          : Connection closed from /127.0.0.1:54514 -- CloseStatus[code=1006, reason=]
2020-02-17 00:22:07.404  INFO 9552 --- [XNIO-1 I/O-2] lavalink.server.io.SocketContext         : Shutting down 1 playing players.
2020-02-17 00:22:07.404  INFO 9552 --- [XNIO-1 I/O-2] c.s.d.l.tools.GarbageCollectionMonitor   : GC monitoring disabled.
2020-02-17 00:22:07.407  WARN 9552 --- [lava-daemon-pool-playback-57-thread-1] c.s.d.l.t.p.LocalAudioTrackExecutor      : Suspicious exception for playback of TQML3jIC_9I

com.sedmelluq.discord.lavaplayer.tools.FriendlyException: The track was unexpectedly terminated.
	at com.sedmelluq.discord.lavaplayer.track.playback.LocalAudioTrackExecutor.handlePlaybackInterrupt(LocalAudioTrackExecutor.java:334) ~[lavaplayer-1.3.32.jar!/:na]
	at com.sedmelluq.discord.lavaplayer.track.playback.LocalAudioTrackExecutor.executeProcessingLoop(LocalAudioTrackExecutor.java:278) ~[lavaplayer-1.3.32.jar!/:na]
	at com.sedmelluq.discord.lavaplayer.track.playback.LocalAudioTrackExecutor.executeProcessingLoop(LocalAudioTrackExecutor.java:236) ~[lavaplayer-1.3.32.jar!/:na]
	at com.sedmelluq.discord.lavaplayer.container.matroska.MatroskaAudioTrack.process(MatroskaAudioTrack.java:39) ~[lavaplayer-1.3.32.jar!/:na]
	at com.sedmelluq.discord.lavaplayer.track.DelegatedAudioTrack.processDelegate(DelegatedAudioTrack.java:25) ~[lavaplayer-1.3.32.jar!/:na]
	at com.sedmelluq.discord.lavaplayer.source.youtube.YoutubeAudioTrack.processStatic(YoutubeAudioTrack.java:57) ~[lavaplayer-1.3.32.jar!/:na]
	at com.sedmelluq.discord.lavaplayer.source.youtube.YoutubeAudioTrack.process(YoutubeAudioTrack.java:49) ~[lavaplayer-1.3.32.jar!/:na]
	at com.sedmelluq.discord.lavaplayer.track.playback.LocalAudioTrackExecutor.execute(LocalAudioTrackExecutor.java:91) ~[lavaplayer-1.3.32.jar!/:na]
	at com.sedmelluq.discord.lavaplayer.player.DefaultAudioPlayerManager.lambda$executeTrack$1(DefaultAudioPlayerManager.java:349) ~[lavaplayer-1.3.32.jar!/:na]
	at java.base/java.util.concurrent.ThreadPoolExecutor.runWorker(ThreadPoolExecutor.java:1128) ~[na:na]
	at java.base/java.util.concurrent.ThreadPoolExecutor$Worker.run(ThreadPoolExecutor.java:628) ~[na:na]
	at java.base/java.lang.Thread.run(Thread.java:834) ~[na:na]
Caused by: java.lang.InterruptedException: null
	at java.base/java.util.concurrent.locks.AbstractQueuedSynchronizer$ConditionObject.reportInterruptAfterWait(AbstractQueuedSynchronizer.java:2056) ~[na:na]
	at java.base/java.util.concurrent.locks.AbstractQueuedSynchronizer$ConditionObject.await(AbstractQueuedSynchronizer.java:2090) ~[na:na]
	at java.base/java.util.concurrent.ArrayBlockingQueue.put(ArrayBlockingQueue.java:367) ~[na:na]
	at com.sedmelluq.discord.lavaplayer.track.playback.AllocatingAudioFrameBuffer.consume(AllocatingAudioFrameBuffer.java:179) ~[lavaplayer-1.3.32.jar!/:na]
	at com.sedmelluq.discord.lavaplayer.filter.BufferingPostProcessor.process(BufferingPostProcessor.java:41) ~[lavaplayer-1.3.32.jar!/:na]
	at com.sedmelluq.discord.lavaplayer.filter.FinalPcmAudioFilter.dispatch(FinalPcmAudioFilter.java:158) ~[lavaplayer-1.3.32.jar!/:na]
	at com.sedmelluq.discord.lavaplayer.filter.FinalPcmAudioFilter.process(FinalPcmAudioFilter.java:130) ~[lavaplayer-1.3.32.jar!/:na]
	at com.sedmelluq.discord.lavaplayer.filter.UserProvidedAudioFilters.process(UserProvidedAudioFilters.java:77) ~[lavaplayer-1.3.32.jar!/:na]
	at com.sedmelluq.discord.lavaplayer.filter.AudioPipeline.process(AudioPipeline.java:33) ~[lavaplayer-1.3.32.jar!/:na]
	at com.sedmelluq.discord.lavaplayer.container.common.OpusPacketRouter.passDownstream(OpusPacketRouter.java:161) ~[lavaplayer-1.3.32.jar!/:na]
	at com.sedmelluq.discord.lavaplayer.container.common.OpusPacketRouter.process(OpusPacketRouter.java:97) ~[lavaplayer-1.3.32.jar!/:na]
	at com.sedmelluq.discord.lavaplayer.container.matroska.MatroskaOpusTrackConsumer.consume(MatroskaOpusTrackConsumer.java:47) ~[lavaplayer-1.3.32.jar!/:na]
	at com.sedmelluq.discord.lavaplayer.container.matroska.MatroskaStreamingFile.processFrameInBlock(MatroskaStreamingFile.java:372) ~[lavaplayer-1.3.32.jar!/:na]
	at com.sedmelluq.discord.lavaplayer.container.matroska.MatroskaStreamingFile.parseClusterSimpleBlock(MatroskaStreamingFile.java:336) ~[lavaplayer-1.3.32.jar!/:na]
	at com.sedmelluq.discord.lavaplayer.container.matroska.MatroskaStreamingFile.parseNextCluster(MatroskaStreamingFile.java:321) ~[lavaplayer-1.3.32.jar!/:na]
	at com.sedmelluq.discord.lavaplayer.container.matroska.MatroskaStreamingFile.provideFrames(MatroskaStreamingFile.java:297) ~[lavaplayer-1.3.32.jar!/:na]
	at com.sedmelluq.discord.lavaplayer.container.matroska.MatroskaAudioTrack.lambda$process$0(MatroskaAudioTrack.java:40) ~[lavaplayer-1.3.32.jar!/:na]
	at com.sedmelluq.discord.lavaplayer.track.playback.LocalAudioTrackExecutor.executeProcessingLoop(LocalAudioTrackExecutor.java:262) ~[lavaplayer-1.3.32.jar!/:na]
	... 10 common frames omitted

2020-02-17 00:24:58.924  INFO 9552 --- [XNIO-1 task-1] l.server.io.HandshakeInterceptorImpl     : Incoming connection from /127.0.0.1:54553
2020-02-17 00:24:58.930  INFO 9552 --- [XNIO-1 task-1] c.s.d.l.tools.GarbageCollectionMonitor   : GC monitoring enabled, reporting results every 2 minutes.
2020-02-17 00:24:58.936  INFO 9552 --- [XNIO-1 task-1] lavalink.server.io.SocketServer          : Connection successfully established from /127.0.0.1:54553
2020-02-17 00:25:03.867  INFO 9552 --- [XNIO-1 task-2] l.server.player.AudioLoaderRestHandler   : GET /loadtracks
2020-02-17 00:25:04.394  INFO 9552 --- [lava-daemon-pool-info-loader-2-thread-1] lavalink.server.player.AudioLoader       : Loaded playlist Search results for: something
2020-02-17 00:25:04.418  INFO 9552 --- [XNIO-1 I/O-1] lavalink.server.io.SocketServer          : {"track":"QAAAfAIAF1RoZSBCZWF0bGVzIC0gU29tZXRoaW5nAAtUaGUgQmVhdGxlcwAAAAAAAt5gAAtVZWxEcloxYUZlWQABACtodHRwczovL3d3dy55b3V0dWJlLmNvbS93YXRjaD92PVVlbERyWjFhRmVZAAd5b3V0dWJlAAAAAAAAAAA=","startTime":0,"endTime":0,"noReplace":false,"guildId":"388355964195307530","op":"play"}
2020-02-17 00:25:04.798  INFO 9552 --- [XNIO-1 I/O-1] lavalink.server.io.SocketServer          : {"sessionId":"6de208cad5a5171b0ef0fb3e49a17931","event":{"token":"bc5f4d9540f90c6d","guildid":"388355964195307530","endpoint":"singapore466.discord.media:80"},"guildId":"388355964195307530","op":"voiceUpdate"}
2020-02-17 00:25:09.306  INFO 9552 --- [XNIO-1 I/O-1] lavalink.server.io.SocketServer          : {"volume":1,"guildId":"388355964195307530","op":"volume"}
2020-02-17 00:25:17.288  INFO 9552 --- [XNIO-1 task-4] l.server.player.AudioLoaderRestHandler   : GET /loadtracks
2020-02-17 00:25:17.709  INFO 9552 --- [lava-daemon-pool-info-loader-2-thread-1] lavalink.server.player.AudioLoader       : Loaded playlist Search results for: still.jeff
2020-02-17 00:25:52.458  INFO 9552 --- [XNIO-1 task-6] l.server.player.AudioLoaderRestHandler   : GET /loadtracks
2020-02-17 00:25:52.945  INFO 9552 --- [lava-daemon-pool-info-loader-2-thread-1] lavalink.server.player.AudioLoader       : Loaded playlist Search results for: bless me god
2020-02-17 00:25:58.486  INFO 9552 --- [XNIO-1 task-8] l.server.player.AudioLoaderRestHandler   : GET /loadtracks
2020-02-17 00:25:58.962  INFO 9552 --- [lava-daemon-pool-info-loader-2-thread-1] lavalink.server.player.AudioLoader       : Loaded playlist Search results for: Stimson flower
2020-02-17 00:25:59.964  INFO 9552 --- [XNIO-1 task-10] l.server.player.AudioLoaderRestHandler   : GET /loadtracks
2020-02-17 00:26:00.407  INFO 9552 --- [lava-daemon-pool-info-loader-2-thread-1] lavalink.server.player.AudioLoader       : Loaded playlist Search results for: nothing can
2020-02-17 00:26:14.025  INFO 9552 --- [XNIO-1 task-12] l.server.player.AudioLoaderRestHandler   : GET /loadtracks
2020-02-17 00:26:14.630  INFO 9552 --- [lava-daemon-pool-info-loader-2-thread-1] lavalink.server.player.AudioLoader       : Loaded playlist Search results for: can't love iu
2020-02-17 00:28:12.484  INFO 9552 --- [XNIO-1 I/O-1] lavalink.server.io.SocketServer          : {"track":"QAAAlQIALUplZmYgQmVybmF0IOKAkyBTdGlsbCB8IOC5geC4m+C4peC5gOC4nuC4peC4hwAOc3VuZGF5IC4gZGFpc3kAAAAAAANrAAALZDRRckNYeGhXcTAAAQAraHR0cHM6Ly93d3cueW91dHViZS5jb20vd2F0Y2g/dj1kNFFyQ1h4aFdxMAAHeW91dHViZQAAAAAAAAAA","startTime":0,"endTime":0,"noReplace":false,"guildId":"388355964195307530","op":"play"}
2020-02-17 00:28:30.081  INFO 9552 --- [XNIO-1 task-14] l.server.player.AudioLoaderRestHandler   : GET /loadtracks
2020-02-17 00:28:30.510  INFO 9552 --- [lava-daemon-pool-info-loader-2-thread-1] lavalink.server.player.AudioLoader       : Loaded playlist Search results for: aku anak gembala
2020-02-17 00:31:04.535  INFO 9552 --- [parallel-2] s.n.m.impl.connections.AudioWebSocket    : Websocket to wss://singapore466.discord.media/?v=4 closed with code 4014 and reason Disconnected.
2020-02-17 00:31:04.536  INFO 9552 --- [parallel-2] s.n.m.impl.connections.AudioWebSocket    : Closing
2020-02-17 00:31:14.410  INFO 9552 --- [XNIO-1 I/O-1] lavalink.server.io.SocketServer          : Connection closed from /127.0.0.1:54553 -- CloseStatus[code=1006, reason=]
2020-02-17 00:31:14.411  INFO 9552 --- [XNIO-1 I/O-1] lavalink.server.io.SocketContext         : Shutting down 1 playing players.
2020-02-17 00:31:14.412  INFO 9552 --- [XNIO-1 I/O-1] c.s.d.l.tools.GarbageCollectionMonitor   : GC monitoring disabled.
2020-02-17 00:31:14.426  WARN 9552 --- [lava-daemon-pool-playback-61-thread-1] c.s.d.l.t.p.LocalAudioTrackExecutor      : Suspicious exception for playback of d4QrCXxhWq0

com.sedmelluq.discord.lavaplayer.tools.FriendlyException: The track was unexpectedly terminated.
	at com.sedmelluq.discord.lavaplayer.track.playback.LocalAudioTrackExecutor.handlePlaybackInterrupt(LocalAudioTrackExecutor.java:334) ~[lavaplayer-1.3.32.jar!/:na]
	at com.sedmelluq.discord.lavaplayer.track.playback.LocalAudioTrackExecutor.executeProcessingLoop(LocalAudioTrackExecutor.java:278) ~[lavaplayer-1.3.32.jar!/:na]
	at com.sedmelluq.discord.lavaplayer.track.playback.LocalAudioTrackExecutor.executeProcessingLoop(LocalAudioTrackExecutor.java:236) ~[lavaplayer-1.3.32.jar!/:na]
	at com.sedmelluq.discord.lavaplayer.container.matroska.MatroskaAudioTrack.process(MatroskaAudioTrack.java:39) ~[lavaplayer-1.3.32.jar!/:na]
	at com.sedmelluq.discord.lavaplayer.track.DelegatedAudioTrack.processDelegate(DelegatedAudioTrack.java:25) ~[lavaplayer-1.3.32.jar!/:na]
	at com.sedmelluq.discord.lavaplayer.source.youtube.YoutubeAudioTrack.processStatic(YoutubeAudioTrack.java:57) ~[lavaplayer-1.3.32.jar!/:na]
	at com.sedmelluq.discord.lavaplayer.source.youtube.YoutubeAudioTrack.process(YoutubeAudioTrack.java:49) ~[lavaplayer-1.3.32.jar!/:na]
	at com.sedmelluq.discord.lavaplayer.track.playback.LocalAudioTrackExecutor.execute(LocalAudioTrackExecutor.java:91) ~[lavaplayer-1.3.32.jar!/:na]
	at com.sedmelluq.discord.lavaplayer.player.DefaultAudioPlayerManager.lambda$executeTrack$1(DefaultAudioPlayerManager.java:349) ~[lavaplayer-1.3.32.jar!/:na]
	at java.base/java.util.concurrent.ThreadPoolExecutor.runWorker(ThreadPoolExecutor.java:1128) ~[na:na]
	at java.base/java.util.concurrent.ThreadPoolExecutor$Worker.run(ThreadPoolExecutor.java:628) ~[na:na]
	at java.base/java.lang.Thread.run(Thread.java:834) ~[na:na]
Caused by: java.lang.InterruptedException: null
	at java.base/java.util.concurrent.locks.AbstractQueuedSynchronizer$ConditionObject.reportInterruptAfterWait(AbstractQueuedSynchronizer.java:2056) ~[na:na]
	at java.base/java.util.concurrent.locks.AbstractQueuedSynchronizer$ConditionObject.await(AbstractQueuedSynchronizer.java:2090) ~[na:na]
	at java.base/java.util.concurrent.ArrayBlockingQueue.put(ArrayBlockingQueue.java:367) ~[na:na]
	at com.sedmelluq.discord.lavaplayer.track.playback.AllocatingAudioFrameBuffer.consume(AllocatingAudioFrameBuffer.java:179) ~[lavaplayer-1.3.32.jar!/:na]
	at com.sedmelluq.discord.lavaplayer.filter.BufferingPostProcessor.process(BufferingPostProcessor.java:41) ~[lavaplayer-1.3.32.jar!/:na]
	at com.sedmelluq.discord.lavaplayer.filter.FinalPcmAudioFilter.dispatch(FinalPcmAudioFilter.java:158) ~[lavaplayer-1.3.32.jar!/:na]
	at com.sedmelluq.discord.lavaplayer.filter.FinalPcmAudioFilter.process(FinalPcmAudioFilter.java:130) ~[lavaplayer-1.3.32.jar!/:na]
	at com.sedmelluq.discord.lavaplayer.filter.UserProvidedAudioFilters.process(UserProvidedAudioFilters.java:77) ~[lavaplayer-1.3.32.jar!/:na]
	at com.sedmelluq.discord.lavaplayer.filter.AudioPipeline.process(AudioPipeline.java:33) ~[lavaplayer-1.3.32.jar!/:na]
	at com.sedmelluq.discord.lavaplayer.container.common.OpusPacketRouter.passDownstream(OpusPacketRouter.java:161) ~[lavaplayer-1.3.32.jar!/:na]
	at com.sedmelluq.discord.lavaplayer.container.common.OpusPacketRouter.process(OpusPacketRouter.java:97) ~[lavaplayer-1.3.32.jar!/:na]
	at com.sedmelluq.discord.lavaplayer.container.matroska.MatroskaOpusTrackConsumer.consume(MatroskaOpusTrackConsumer.java:47) ~[lavaplayer-1.3.32.jar!/:na]
	at com.sedmelluq.discord.lavaplayer.container.matroska.MatroskaStreamingFile.processFrameInBlock(MatroskaStreamingFile.java:372) ~[lavaplayer-1.3.32.jar!/:na]
	at com.sedmelluq.discord.lavaplayer.container.matroska.MatroskaStreamingFile.parseClusterSimpleBlock(MatroskaStreamingFile.java:336) ~[lavaplayer-1.3.32.jar!/:na]
	at com.sedmelluq.discord.lavaplayer.container.matroska.MatroskaStreamingFile.parseNextCluster(MatroskaStreamingFile.java:321) ~[lavaplayer-1.3.32.jar!/:na]
	at com.sedmelluq.discord.lavaplayer.container.matroska.MatroskaStreamingFile.provideFrames(MatroskaStreamingFile.java:297) ~[lavaplayer-1.3.32.jar!/:na]
	at com.sedmelluq.discord.lavaplayer.container.matroska.MatroskaAudioTrack.lambda$process$0(MatroskaAudioTrack.java:40) ~[lavaplayer-1.3.32.jar!/:na]
	at com.sedmelluq.discord.lavaplayer.track.playback.LocalAudioTrackExecutor.executeProcessingLoop(LocalAudioTrackExecutor.java:262) ~[lavaplayer-1.3.32.jar!/:na]
	... 10 common frames omitted

2020-02-17 00:31:29.590  INFO 9552 --- [XNIO-1 task-16] l.server.io.HandshakeInterceptorImpl     : Incoming connection from /127.0.0.1:54618
2020-02-17 00:31:29.594  INFO 9552 --- [XNIO-1 task-16] c.s.d.l.tools.GarbageCollectionMonitor   : GC monitoring enabled, reporting results every 2 minutes.
2020-02-17 00:31:29.599  INFO 9552 --- [XNIO-1 task-16] lavalink.server.io.SocketServer          : Connection successfully established from /127.0.0.1:54618
2020-02-17 00:31:51.342  INFO 9552 --- [XNIO-1 task-17] l.server.player.AudioLoaderRestHandler   : GET /loadtracks
2020-02-17 00:31:51.739  INFO 9552 --- [lava-daemon-pool-info-loader-2-thread-1] lavalink.server.player.AudioLoader       : Loaded playlist Search results for: still jeff
2020-02-17 00:31:51.777  INFO 9552 --- [XNIO-1 I/O-2] lavalink.server.io.SocketServer          : {"track":"QAAAlQIALUplZmYgQmVybmF0IOKAkyBTdGlsbCB8IOC5geC4m+C4peC5gOC4nuC4peC4hwAOc3VuZGF5IC4gZGFpc3kAAAAAAANrAAALZDRRckNYeGhXcTAAAQAraHR0cHM6Ly93d3cueW91dHViZS5jb20vd2F0Y2g/dj1kNFFyQ1h4aFdxMAAHeW91dHViZQAAAAAAAAAA","startTime":0,"endTime":0,"noReplace":false,"guildId":"388355964195307530","op":"play"}
2020-02-17 00:31:52.213  INFO 9552 --- [XNIO-1 I/O-2] lavalink.server.io.SocketServer          : {"sessionId":"4ecfe5feaf8bcc58ea19c706bf572d83","event":{"token":"b61d816c134791db","guildid":"388355964195307530","endpoint":"singapore466.discord.media:80"},"guildId":"388355964195307530","op":"voiceUpdate"}
2020-02-17 00:31:55.141  INFO 9552 --- [XNIO-1 task-19] l.server.player.AudioLoaderRestHandler   : GET /loadtracks
2020-02-17 00:31:55.555  INFO 9552 --- [lava-daemon-pool-info-loader-2-thread-1] lavalink.server.player.AudioLoader       : Loaded playlist Search results for: Stimson flower
2020-02-17 00:31:57.027  INFO 9552 --- [XNIO-1 I/O-2] lavalink.server.io.SocketServer          : {"volume":1,"guildId":"388355964195307530","op":"volume"}
2020-02-17 00:35:35.555  INFO 9552 --- [XNIO-1 I/O-2] lavalink.server.io.SocketServer          : {"track":"QAAAjQIAJUpvaG5ueSBTdGltc29uIC0gRmxvd2VyIChMeXJpYyBWaWRlbykADkpvaG5ueSBTdGltc29uAAAAAAACvyAAC3NnTmtDckFoVEdjAAEAK2h0dHBzOi8vd3d3LnlvdXR1YmUuY29tL3dhdGNoP3Y9c2dOa0NyQWhUR2MAB3lvdXR1YmUAAAAAAAAAAA==","startTime":0,"endTime":0,"noReplace":false,"guildId":"388355964195307530","op":"play"}
2020-02-17 00:42:31.361  INFO 9552 --- [XNIO-1 I/O-2] lavalink.server.io.SocketServer          : Connection closed from /127.0.0.1:54618 -- CloseStatus[code=1006, reason=]
2020-02-17 00:42:31.361  INFO 9552 --- [XNIO-1 I/O-2] lavalink.server.io.SocketContext         : Shutting down 0 playing players.
2020-02-17 00:42:31.362  INFO 9552 --- [XNIO-1 I/O-2] c.s.d.l.tools.GarbageCollectionMonitor   : GC monitoring disabled.
2020-02-17 00:43:32.747  INFO 9552 --- [XNIO-1 task-21] l.server.io.HandshakeInterceptorImpl     : Incoming connection from /127.0.0.1:54869
2020-02-17 00:43:32.751  INFO 9552 --- [XNIO-1 task-21] c.s.d.l.tools.GarbageCollectionMonitor   : GC monitoring enabled, reporting results every 2 minutes.
2020-02-17 00:43:32.758  INFO 9552 --- [XNIO-1 task-21] lavalink.server.io.SocketServer          : Connection successfully established from /127.0.0.1:54869
2020-02-17 00:44:03.253  INFO 9552 --- [XNIO-1 task-22] l.server.player.AudioLoaderRestHandler   : GET /loadtracks
2020-02-17 00:44:03.826  INFO 9552 --- [lava-daemon-pool-info-loader-2-thread-1] lavalink.server.player.AudioLoader       : Loaded playlist Search results for: maafkan aku
2020-02-17 00:44:14.290  INFO 9552 --- [XNIO-1 task-24] l.server.player.AudioLoaderRestHandler   : GET /loadtracks
2020-02-17 00:44:14.679  INFO 9552 --- [lava-daemon-pool-info-loader-2-thread-1] lavalink.server.player.AudioLoader       : Loaded playlist Search results for: maafkan aku
2020-02-17 00:44:14.688  INFO 9552 --- [XNIO-1 I/O-1] lavalink.server.io.SocketServer          : {"track":"QAAAfAIAF0VuZGEgVW5ndSAtIE1hYWZrYW4gYWt1AAtKYW1lcyBCb3dpZQAAAAAABGEYAAtrdmVYeUJHeXA0UQABACtodHRwczovL3d3dy55b3V0dWJlLmNvbS93YXRjaD92PWt2ZVh5Qkd5cDRRAAd5b3V0dWJlAAAAAAAAAAA=","startTime":0,"endTime":0,"noReplace":false,"guildId":"388355964195307530","op":"play"}
2020-02-17 00:44:15.092  INFO 9552 --- [XNIO-1 I/O-1] lavalink.server.io.SocketServer          : {"sessionId":"674e04229d1eead93dd356af1d283346","event":{"token":"b25874f56f000025","guildid":"388355964195307530","endpoint":"singapore466.discord.media:80"},"guildId":"388355964195307530","op":"voiceUpdate"}
2020-02-17 00:44:21.352  INFO 9552 --- [XNIO-1 task-26] l.server.player.AudioLoaderRestHandler   : GET /loadtracks
2020-02-17 00:44:21.785  INFO 9552 --- [lava-daemon-pool-info-loader-2-thread-1] lavalink.server.player.AudioLoader       : Loaded playlist Search results for: maafkan dia
2020-02-17 00:44:25.875  INFO 9552 --- [XNIO-1 I/O-1] lavalink.server.io.SocketServer          : {"volume":1,"guildId":"388355964195307530","op":"volume"}
2020-02-17 00:44:42.220  INFO 9552 --- [parallel-3] s.n.m.impl.connections.AudioWebSocket    : Websocket to wss://singapore466.discord.media/?v=4 closed with code 4014 and reason Disconnected.
2020-02-17 00:44:42.221  INFO 9552 --- [parallel-3] s.n.m.impl.connections.AudioWebSocket    : Closing
2020-02-17 00:44:43.819  INFO 9552 --- [XNIO-1 I/O-1] lavalink.server.io.SocketServer          : Connection closed from /127.0.0.1:54869 -- CloseStatus[code=1006, reason=]
2020-02-17 00:44:43.819  INFO 9552 --- [XNIO-1 I/O-1] lavalink.server.io.SocketContext         : Shutting down 1 playing players.
2020-02-17 00:44:43.820  INFO 9552 --- [XNIO-1 I/O-1] c.s.d.l.tools.GarbageCollectionMonitor   : GC monitoring disabled.
2020-02-17 00:44:43.824  WARN 9552 --- [lava-daemon-pool-playback-69-thread-1] c.s.d.l.t.p.LocalAudioTrackExecutor      : Suspicious exception for playback of kveXyBGyp4Q

com.sedmelluq.discord.lavaplayer.tools.FriendlyException: The track was unexpectedly terminated.
	at com.sedmelluq.discord.lavaplayer.track.playback.LocalAudioTrackExecutor.handlePlaybackInterrupt(LocalAudioTrackExecutor.java:334) ~[lavaplayer-1.3.32.jar!/:na]
	at com.sedmelluq.discord.lavaplayer.track.playback.LocalAudioTrackExecutor.executeProcessingLoop(LocalAudioTrackExecutor.java:278) ~[lavaplayer-1.3.32.jar!/:na]
	at com.sedmelluq.discord.lavaplayer.track.playback.LocalAudioTrackExecutor.executeProcessingLoop(LocalAudioTrackExecutor.java:236) ~[lavaplayer-1.3.32.jar!/:na]
	at com.sedmelluq.discord.lavaplayer.container.matroska.MatroskaAudioTrack.process(MatroskaAudioTrack.java:39) ~[lavaplayer-1.3.32.jar!/:na]
	at com.sedmelluq.discord.lavaplayer.track.DelegatedAudioTrack.processDelegate(DelegatedAudioTrack.java:25) ~[lavaplayer-1.3.32.jar!/:na]
	at com.sedmelluq.discord.lavaplayer.source.youtube.YoutubeAudioTrack.processStatic(YoutubeAudioTrack.java:57) ~[lavaplayer-1.3.32.jar!/:na]
	at com.sedmelluq.discord.lavaplayer.source.youtube.YoutubeAudioTrack.process(YoutubeAudioTrack.java:49) ~[lavaplayer-1.3.32.jar!/:na]
	at com.sedmelluq.discord.lavaplayer.track.playback.LocalAudioTrackExecutor.execute(LocalAudioTrackExecutor.java:91) ~[lavaplayer-1.3.32.jar!/:na]
	at com.sedmelluq.discord.lavaplayer.player.DefaultAudioPlayerManager.lambda$executeTrack$1(DefaultAudioPlayerManager.java:349) ~[lavaplayer-1.3.32.jar!/:na]
	at java.base/java.util.concurrent.ThreadPoolExecutor.runWorker(ThreadPoolExecutor.java:1128) ~[na:na]
	at java.base/java.util.concurrent.ThreadPoolExecutor$Worker.run(ThreadPoolExecutor.java:628) ~[na:na]
	at java.base/java.lang.Thread.run(Thread.java:834) ~[na:na]
Caused by: java.lang.InterruptedException: null
	at java.base/java.util.concurrent.locks.AbstractQueuedSynchronizer$ConditionObject.reportInterruptAfterWait(AbstractQueuedSynchronizer.java:2056) ~[na:na]
	at java.base/java.util.concurrent.locks.AbstractQueuedSynchronizer$ConditionObject.await(AbstractQueuedSynchronizer.java:2090) ~[na:na]
	at java.base/java.util.concurrent.ArrayBlockingQueue.put(ArrayBlockingQueue.java:367) ~[na:na]
	at com.sedmelluq.discord.lavaplayer.track.playback.AllocatingAudioFrameBuffer.consume(AllocatingAudioFrameBuffer.java:179) ~[lavaplayer-1.3.32.jar!/:na]
	at com.sedmelluq.discord.lavaplayer.filter.BufferingPostProcessor.process(BufferingPostProcessor.java:41) ~[lavaplayer-1.3.32.jar!/:na]
	at com.sedmelluq.discord.lavaplayer.filter.FinalPcmAudioFilter.dispatch(FinalPcmAudioFilter.java:158) ~[lavaplayer-1.3.32.jar!/:na]
	at com.sedmelluq.discord.lavaplayer.filter.FinalPcmAudioFilter.process(FinalPcmAudioFilter.java:130) ~[lavaplayer-1.3.32.jar!/:na]
	at com.sedmelluq.discord.lavaplayer.filter.UserProvidedAudioFilters.process(UserProvidedAudioFilters.java:77) ~[lavaplayer-1.3.32.jar!/:na]
	at com.sedmelluq.discord.lavaplayer.filter.AudioPipeline.process(AudioPipeline.java:33) ~[lavaplayer-1.3.32.jar!/:na]
	at com.sedmelluq.discord.lavaplayer.container.common.OpusPacketRouter.passDownstream(OpusPacketRouter.java:161) ~[lavaplayer-1.3.32.jar!/:na]
	at com.sedmelluq.discord.lavaplayer.container.common.OpusPacketRouter.process(OpusPacketRouter.java:97) ~[lavaplayer-1.3.32.jar!/:na]
	at com.sedmelluq.discord.lavaplayer.container.matroska.MatroskaOpusTrackConsumer.consume(MatroskaOpusTrackConsumer.java:47) ~[lavaplayer-1.3.32.jar!/:na]
	at com.sedmelluq.discord.lavaplayer.container.matroska.MatroskaStreamingFile.processFrameInBlock(MatroskaStreamingFile.java:372) ~[lavaplayer-1.3.32.jar!/:na]
	at com.sedmelluq.discord.lavaplayer.container.matroska.MatroskaStreamingFile.parseClusterSimpleBlock(MatroskaStreamingFile.java:336) ~[lavaplayer-1.3.32.jar!/:na]
	at com.sedmelluq.discord.lavaplayer.container.matroska.MatroskaStreamingFile.parseNextCluster(MatroskaStreamingFile.java:321) ~[lavaplayer-1.3.32.jar!/:na]
	at com.sedmelluq.discord.lavaplayer.container.matroska.MatroskaStreamingFile.provideFrames(MatroskaStreamingFile.java:297) ~[lavaplayer-1.3.32.jar!/:na]
	at com.sedmelluq.discord.lavaplayer.container.matroska.MatroskaAudioTrack.lambda$process$0(MatroskaAudioTrack.java:40) ~[lavaplayer-1.3.32.jar!/:na]
	at com.sedmelluq.discord.lavaplayer.track.playback.LocalAudioTrackExecutor.executeProcessingLoop(LocalAudioTrackExecutor.java:262) ~[lavaplayer-1.3.32.jar!/:na]
	... 10 common frames omitted

2020-02-17 00:45:14.914  INFO 9552 --- [XNIO-1 task-28] l.server.io.HandshakeInterceptorImpl     : Incoming connection from /127.0.0.1:54902
2020-02-17 00:45:14.917  INFO 9552 --- [XNIO-1 task-28] c.s.d.l.tools.GarbageCollectionMonitor   : GC monitoring enabled, reporting results every 2 minutes.
2020-02-17 00:45:14.923  INFO 9552 --- [XNIO-1 task-28] lavalink.server.io.SocketServer          : Connection successfully established from /127.0.0.1:54902
2020-02-17 00:47:14.844  INFO 9552 --- [XNIO-1 I/O-2] lavalink.server.io.SocketServer          : {"sessionId":"788c067e16e5241cd9fd4ea27b258400","event":{"token":"14b74d422e5d27df","guildid":"388355964195307530","endpoint":"singapore466.discord.media:80"},"guildId":"388355964195307530","op":"voiceUpdate"}
2020-02-17 00:47:22.648  INFO 9552 --- [XNIO-1 task-29] l.server.player.AudioLoaderRestHandler   : GET /loadtracks
2020-02-17 00:47:23.118  INFO 9552 --- [lava-daemon-pool-info-loader-2-thread-1] lavalink.server.player.AudioLoader       : Loaded playlist Search results for: chilling mix
2020-02-17 00:47:23.153  INFO 9552 --- [XNIO-1 I/O-2] lavalink.server.io.SocketServer          : {"track":"QAAAewIAFFRpbWJlciB8IEEgQ2hpbGwgTWl4AA1Lb2FsYSBLb250cm9sAAAAAAA4hMAAC3dsc2RNcG5EQm44AAEAK2h0dHBzOi8vd3d3LnlvdXR1YmUuY29tL3dhdGNoP3Y9d2xzZE1wbkRCbjgAB3lvdXR1YmUAAAAAAAAAAA==","startTime":0,"endTime":0,"noReplace":false,"guildId":"388355964195307530","op":"play"}
2020-02-17 00:47:27.768  INFO 9552 --- [XNIO-1 I/O-2] lavalink.server.io.SocketServer          : {"volume":1,"guildId":"388355964195307530","op":"volume"}
2020-02-17 00:47:33.318  INFO 9552 --- [XNIO-1 I/O-2] lavalink.server.io.SocketServer          : {"volume":10,"guildId":"388355964195307530","op":"volume"}
2020-02-17 00:47:41.100  INFO 9552 --- [XNIO-1 I/O-2] lavalink.server.io.SocketServer          : {"volume":5,"guildId":"388355964195307530","op":"volume"}
2020-02-17 00:59:11.101  INFO 9552 --- [XNIO-1 task-31] l.server.player.AudioLoaderRestHandler   : GET /loadtracks
2020-02-17 00:59:11.718  INFO 9552 --- [lava-daemon-pool-info-loader-2-thread-1] lavalink.server.player.AudioLoader       : Loaded playlist Search results for: lofi hip hop
2020-02-17 01:49:07.590  INFO 9552 --- [XNIO-1 I/O-2] lavalink.server.io.SocketServer          : {"track":"QAAAmwIANzEgQS5NIFN0dWR5IFNlc3Npb24g7aC97bOaIC0gW2xvZmkgaGlwIGhvcC9jaGlsbCBiZWF0c10ACkNoaWxsZWRDb3cAAAAAADgPkAALbFRSaXVGSVdWNTQAAQAraHR0cHM6Ly93d3cueW91dHViZS5jb20vd2F0Y2g/dj1sVFJpdUZJV1Y1NAAHeW91dHViZQAAAAAAAAAA","startTime":0,"endTime":0,"noReplace":false,"guildId":"388355964195307530","op":"play"}
2020-02-17 02:50:21.755  INFO 9552 --- [XNIO-1 I/O-2] lavalink.server.io.SocketServer          : {"track":"QAAAewIAFFRpbWJlciB8IEEgQ2hpbGwgTWl4AA1Lb2FsYSBLb250cm9sAAAAAAA4hMAAC3dsc2RNcG5EQm44AAEAK2h0dHBzOi8vd3d3LnlvdXR1YmUuY29tL3dhdGNoP3Y9d2xzZE1wbkRCbjgAB3lvdXR1YmUAAAAAAAAAAA==","startTime":0,"endTime":0,"noReplace":false,"guildId":"388355964195307530","op":"play"}
2020-02-17 03:34:41.079  INFO 9552 --- [XNIO-1 I/O-2] lavalink.server.io.SocketServer          : {"guildId":"388355964195307530","op":"destroy"}
2020-02-17 03:58:40.077  INFO 9552 --- [XNIO-1 task-1] l.server.player.AudioLoaderRestHandler   : GET /loadtracks
2020-02-17 03:58:40.509  INFO 9552 --- [lava-daemon-pool-info-loader-2-thread-1] lavalink.server.player.AudioLoader       : Loaded playlist Search results for: yellow days white
2020-02-17 03:58:40.514  INFO 9552 --- [XNIO-1 I/O-2] lavalink.server.io.SocketServer          : {"track":"QAAAgwIAHFllbGxvdyBEYXlzIC0gQSBMaXR0bGUgV2hpbGUADU5pbmEgU2hhdmFkemUAAAAAAATeGAALUlJLWFFFNTJsMlEAAQAraHR0cHM6Ly93d3cueW91dHViZS5jb20vd2F0Y2g/dj1SUktYUUU1MmwyUQAHeW91dHViZQAAAAAAAAAA","startTime":0,"endTime":0,"noReplace":false,"guildId":"388355964195307530","op":"play"}
2020-02-17 03:58:40.825  INFO 9552 --- [XNIO-1 I/O-2] lavalink.server.io.SocketServer          : {"sessionId":"788c067e16e5241cd9fd4ea27b258400","event":{"token":"099b7967cb2f81b7","guildid":"388355964195307530","endpoint":"singapore466.discord.media:80"},"guildId":"388355964195307530","op":"voiceUpdate"}
2020-02-17 03:59:14.785  INFO 9552 --- [XNIO-1 I/O-2] lavalink.server.io.SocketServer          : {"guildId":"388355964195307530","op":"stop"}
2020-02-17 03:59:21.463  INFO 9552 --- [XNIO-1 I/O-2] lavalink.server.io.SocketServer          : {"guildId":"388355964195307530","op":"destroy"}
2020-02-17 04:06:16.891  INFO 9552 --- [XNIO-1 task-3] l.server.player.AudioLoaderRestHandler   : GET /loadtracks
2020-02-17 04:06:17.218  INFO 9552 --- [lava-daemon-pool-info-loader-2-thread-1] lavalink.server.player.AudioLoader       : Loaded playlist Search results for: https://open.spotify.com/track/0rNpm25xLsckCS9JPAgpwP?si=lvkKSZEWQk6qlEUMUcesPQ
2020-02-17 04:06:17.230  INFO 9552 --- [XNIO-1 I/O-2] lavalink.server.io.SocketServer          : {"track":"QAAAkgIALkFuaW1lIGpvdXJuYWwgd2l0aCBtZSB8IEdyYXZlIG9mIHRoZSBmaXJlZmxpZXMACk9rYXlTZW5zZWkAAAAAAAgWUAALekJNTjZJcDVEeDgAAQAraHR0cHM6Ly93d3cueW91dHViZS5jb20vd2F0Y2g/dj16Qk1ONklwNUR4OAAHeW91dHViZQAAAAAAAAAA","startTime":0,"endTime":0,"noReplace":false,"guildId":"388355964195307530","op":"play"}
2020-02-17 04:06:17.547  INFO 9552 --- [XNIO-1 I/O-2] lavalink.server.io.SocketServer          : {"sessionId":"788c067e16e5241cd9fd4ea27b258400","event":{"token":"3afffa6f09b2d1fa","guildid":"388355964195307530","endpoint":"singapore466.discord.media:80"},"guildId":"388355964195307530","op":"voiceUpdate"}
2020-02-17 04:06:34.658  INFO 9552 --- [XNIO-1 I/O-2] lavalink.server.io.SocketServer          : {"guildId":"388355964195307530","op":"stop"}
2020-02-17 04:06:47.462  INFO 9552 --- [XNIO-1 task-5] l.server.player.AudioLoaderRestHandler   : GET /loadtracks
2020-02-17 04:06:47.688  INFO 9552 --- [lava-daemon-pool-info-loader-2-thread-1] lavalink.server.player.AudioLoader       : Loaded playlist Search results for: https://open.spotify.com/track/0rNpm25xLsckCS9JPAgpwP?si=lvkKSZEWQk6qlEUMUcesPQ
2020-02-17 04:06:47.693  INFO 9552 --- [XNIO-1 I/O-2] lavalink.server.io.SocketServer          : {"track":"QAAAkgIALkFuaW1lIGpvdXJuYWwgd2l0aCBtZSB8IEdyYXZlIG9mIHRoZSBmaXJlZmxpZXMACk9rYXlTZW5zZWkAAAAAAAgWUAALekJNTjZJcDVEeDgAAQAraHR0cHM6Ly93d3cueW91dHViZS5jb20vd2F0Y2g/dj16Qk1ONklwNUR4OAAHeW91dHViZQAAAAAAAAAA","startTime":0,"endTime":0,"noReplace":false,"guildId":"388355964195307530","op":"play"}
2020-02-17 04:07:11.932  INFO 9552 --- [XNIO-1 I/O-2] lavalink.server.io.SocketServer          : {"guildId":"388355964195307530","op":"stop"}
2020-02-17 04:07:21.890  INFO 9552 --- [XNIO-1 task-7] l.server.player.AudioLoaderRestHandler   : GET /loadtracks
2020-02-17 04:07:22.321  INFO 9552 --- [lava-daemon-pool-info-loader-2-thread-1] lavalink.server.player.AudioLoader       : Loaded playlist Search results for: swum with u
2020-02-17 04:07:22.323  INFO 9552 --- [XNIO-1 I/O-2] lavalink.server.io.SocketServer          : {"track":"QAAAfAIAGFN3dU0geCBpZGVhbGlzbSAtIFdpdGggVQAKQ2hpbGxlZENvdwAAAAAAA1d4AAtudHFxbDQ0LXpLZwABACtodHRwczovL3d3dy55b3V0dWJlLmNvbS93YXRjaD92PW50cXFsNDQtektnAAd5b3V0dWJlAAAAAAAAAAA=","startTime":0,"endTime":0,"noReplace":false,"guildId":"388355964195307530","op":"play"}
2020-02-17 04:08:48.271  INFO 9552 --- [XNIO-1 I/O-2] lavalink.server.io.SocketServer          : {"volume":20,"guildId":"388355964195307530","op":"volume"}
2020-02-17 04:08:55.728  INFO 9552 --- [XNIO-1 I/O-2] lavalink.server.io.SocketServer          : {"volume":100,"guildId":"388355964195307530","op":"volume"}
2020-02-17 04:09:11.417  INFO 9552 --- [XNIO-1 I/O-2] lavalink.server.io.SocketServer          : {"guildId":"388355964195307530","op":"stop"}
2020-02-17 04:09:15.071  INFO 9552 --- [XNIO-1 I/O-2] lavalink.server.io.SocketServer          : {"guildId":"388355964195307530","op":"destroy"}
